app/build/intermediates/manifest_merge_blame_file/release/processReleaseMainManifest/manifest-merger-blame-release-report.txt
1<?xml version="1.0" encoding="utf-8"?>
2<manifest xmlns:android="http://schemas.android.com/apk/res/android"
3    package="com.ariasaproject.pararam"
4    android:versionCode="1"
5    android:versionName="Beta" >
6
7    <uses-sdk
7-->INJECTED
8        android:minSdkVersion="28"
8-->INJECTED
9        android:targetSdkVersion="33" />
9-->INJECTED
10
11    <uses-permission android:name="android.permission.REQUEST_IGNORE_BATTERY_OPTIMIZATIONS" />
11-->src/main/AndroidManifest.xml:4:5-94
11-->src/main/AndroidManifest.xml:4:22-92
12    <uses-permission android:name="android.permission.WRITE_EXTERNAL_STORAGE" />
12-->src/main/AndroidManifest.xml:5:5-80
12-->src/main/AndroidManifest.xml:5:22-78
13    <uses-permission android:name="android.permission.INTERNET" />
13-->src/main/AndroidManifest.xml:6:5-66
13-->src/main/AndroidManifest.xml:6:22-64
14    <uses-permission android:name="android.permission.ACCESS_NETWORK_STATE" />
14-->src/main/AndroidManifest.xml:7:5-78
14-->src/main/AndroidManifest.xml:7:22-76
15    <uses-permission android:name="android.permission.READ_PHONE_STATE" />
15-->src/main/AndroidManifest.xml:8:5-74
15-->src/main/AndroidManifest.xml:8:22-72
16
17    <permission
17-->[androidx.core:core:1.18.0] AndroidManifest.xml:22:5-24:47
18        android:name="com.ariasaproject.pararam.DYNAMIC_RECEIVER_NOT_EXPORTED_PERMISSION"
18-->[androidx.core:core:1.18.0] AndroidManifest.xml:23:9-81
19        android:protectionLevel="signature" />
19-->[androidx.core:core:1.18.0] AndroidManifest.xml:24:9-44
20
21    <uses-permission android:name="com.ariasaproject.pararam.DYNAMIC_RECEIVER_NOT_EXPORTED_PERMISSION" />
21-->[androidx.core:core:1.18.0] AndroidManifest.xml:26:5-97
21-->[androidx.core:core:1.18.0] AndroidManifest.xml:26:22-94
22
23    <application
23-->src/main/AndroidManifest.xml:10:5-35:19
24        android:name="com.ariasaproject.pararam.MainApplication"
24-->src/main/AndroidManifest.xml:11:9-40
25        android:allowBackup="true"
25-->src/main/AndroidManifest.xml:12:9-35
26        android:appComponentFactory="androidx.core.app.CoreComponentFactory"
26-->[androidx.core:core:1.18.0] AndroidManifest.xml:28:18-86
27        android:dataExtractionRules="@xml/data_extraction_rules"
27-->src/main/AndroidManifest.xml:13:9-65
28        android:extractNativeLibs="false"
28-->INJECTED
29        android:fullBackupContent="@xml/backup_rules"
29-->src/main/AndroidManifest.xml:14:9-54
30        android:icon="@mipmap/ic_launcher"
30-->src/main/AndroidManifest.xml:15:9-43
31        android:label="Pararam"
31-->src/main/AndroidManifest.xml:18:9-32
32        android:roundIcon="@mipmap/ic_launcher_round"
32-->src/main/AndroidManifest.xml:16:9-54
33        android:supportsRtl="true"
33-->src/main/AndroidManifest.xml:17:9-35
34        android:theme="@style/AppTheme"
34-->src/main/AndroidManifest.xml:20:9-40
35        android:windowAnimationStyle="@null" >
35-->src/main/AndroidManifest.xml:19:9-45
36        <activity
36-->src/main/AndroidManifest.xml:21:9-34:20
37            android:name="com.ariasaproject.pararam.MainActivity"
37-->src/main/AndroidManifest.xml:22:13-41
38            android:configChanges="mcc|mnc|locale|touchscreen|keyboard|keyboardHidden|navigation|screenLayout|fontScale|screenSize|layoutDirection|density"
38-->src/main/AndroidManifest.xml:25:13-156
39            android:exported="true"
39-->src/main/AndroidManifest.xml:26:13-36
40            android:launchMode="singleTask"
40-->src/main/AndroidManifest.xml:23:13-44
41            android:windowSoftInputMode="adjustPan" >
41-->src/main/AndroidManifest.xml:24:13-52
42            <intent-filter>
42-->src/main/AndroidManifest.xml:27:13-33:29
43                <action android:name="android.intent.action.MAIN" />
43-->src/main/AndroidManifest.xml:28:17-69
43-->src/main/AndroidManifest.xml:28:25-66
44
45                <category android:name="android.intent.category.HOME" />
45-->src/main/AndroidManifest.xml:30:17-73
45-->src/main/AndroidManifest.xml:30:27-70
46                <category android:name="android.intent.category.DEFAULT" />
46-->src/main/AndroidManifest.xml:31:17-76
46-->src/main/AndroidManifest.xml:31:27-73
47                <category android:name="android.intent.category.LAUNCHER" />
47-->src/main/AndroidManifest.xml:32:17-77
47-->src/main/AndroidManifest.xml:32:27-74
48            </intent-filter>
49        </activity>
50
51        <provider
51-->[androidx.emoji2:emoji2:1.3.0] AndroidManifest.xml:24:9-32:20
52            android:name="androidx.startup.InitializationProvider"
52-->[androidx.emoji2:emoji2:1.3.0] AndroidManifest.xml:25:13-67
53            android:authorities="com.ariasaproject.pararam.androidx-startup"
53-->[androidx.emoji2:emoji2:1.3.0] AndroidManifest.xml:26:13-68
54            android:exported="false" >
54-->[androidx.emoji2:emoji2:1.3.0] AndroidManifest.xml:27:13-37
55            <meta-data
55-->[androidx.emoji2:emoji2:1.3.0] AndroidManifest.xml:29:13-31:52
56                android:name="androidx.emoji2.text.EmojiCompatInitializer"
56-->[androidx.emoji2:emoji2:1.3.0] AndroidManifest.xml:30:17-75
57                android:value="androidx.startup" />
57-->[androidx.emoji2:emoji2:1.3.0] AndroidManifest.xml:31:17-49
58            <meta-data
58-->[androidx.lifecycle:lifecycle-process:2.6.2] AndroidManifest.xml:29:13-31:52
59                android:name="androidx.lifecycle.ProcessLifecycleInitializer"
59-->[androidx.lifecycle:lifecycle-process:2.6.2] AndroidManifest.xml:30:17-78
60                android:value="androidx.startup" />
60-->[androidx.lifecycle:lifecycle-process:2.6.2] AndroidManifest.xml:31:17-49
61            <meta-data
61-->[androidx.profileinstaller:profileinstaller:1.4.0] AndroidManifest.xml:29:13-31:52
62                android:name="androidx.profileinstaller.ProfileInstallerInitializer"
62-->[androidx.profileinstaller:profileinstaller:1.4.0] AndroidManifest.xml:30:17-85
63                android:value="androidx.startup" />
63-->[androidx.profileinstaller:profileinstaller:1.4.0] AndroidManifest.xml:31:17-49
64        </provider>
65
66        <receiver
66-->[androidx.profileinstaller:profileinstaller:1.4.0] AndroidManifest.xml:34:9-52:20
67            android:name="androidx.profileinstaller.ProfileInstallReceiver"
67-->[androidx.profileinstaller:profileinstaller:1.4.0] AndroidManifest.xml:35:13-76
68            android:directBootAware="false"
68-->[androidx.profileinstaller:profileinstaller:1.4.0] AndroidManifest.xml:36:13-44
69            android:enabled="true"
69-->[androidx.profileinstaller:profileinstaller:1.4.0] AndroidManifest.xml:37:13-35
70            android:exported="true"
70-->[androidx.profileinstaller:profileinstaller:1.4.0] AndroidManifest.xml:38:13-36
71            android:permission="android.permission.DUMP" >
71-->[androidx.profileinstaller:profileinstaller:1.4.0] AndroidManifest.xml:39:13-57
72            <intent-filter>
72-->[androidx.profileinstaller:profileinstaller:1.4.0] AndroidManifest.xml:40:13-42:29
73                <action android:name="androidx.profileinstaller.action.INSTALL_PROFILE" />
73-->[androidx.profileinstaller:profileinstaller:1.4.0] AndroidManifest.xml:41:17-91
73-->[androidx.profileinstaller:profileinstaller:1.4.0] AndroidManifest.xml:41:25-88
74            </intent-filter>
75            <intent-filter>
75-->[androidx.profileinstaller:profileinstaller:1.4.0] AndroidManifest.xml:43:13-45:29
76                <action android:name="androidx.profileinstaller.action.SKIP_FILE" />
76-->[androidx.profileinstaller:profileinstaller:1.4.0] AndroidManifest.xml:44:17-85
76-->[androidx.profileinstaller:profileinstaller:1.4.0] AndroidManifest.xml:44:25-82
77            </intent-filter>
78            <intent-filter>
78-->[androidx.profileinstaller:profileinstaller:1.4.0] AndroidManifest.xml:46:13-48:29
79                <action android:name="androidx.profileinstaller.action.SAVE_PROFILE" />
79-->[androidx.profileinstaller:profileinstaller:1.4.0] AndroidManifest.xml:47:17-88
79-->[androidx.profileinstaller:profileinstaller:1.4.0] AndroidManifest.xml:47:25-85
80            </intent-filter>
81            <intent-filter>
81-->[androidx.profileinstaller:profileinstaller:1.4.0] AndroidManifest.xml:49:13-51:29
82                <action android:name="androidx.profileinstaller.action.BENCHMARK_OPERATION" />
82-->[androidx.profileinstaller:profileinstaller:1.4.0] AndroidManifest.xml:50:17-95
82-->[androidx.profileinstaller:profileinstaller:1.4.0] AndroidManifest.xml:50:25-92
83            </intent-filter>
84        </receiver>
85    </application>
86
87</manifest>